<?xml version="1.0" encoding="UTF-8"?>
<!-- Generated by org.testng.reporters.JUnitXMLReporter -->
<testsuite hostname="TRAINING0117" ignored="0" name="Default test" tests="3" failures="0" timestamp="17 Jul 2018 14:30:00 GMT" time="55.364" errors="0">
  <testcase name="invalidLoginTest_EmptyUserName" time="10.513" classname="tests.LoginTests"/>
  <testcase name="invalidLoginTest_InvalidUserEmptyPassword" time="2.113" classname="tests.LoginTests"/>
  <testcase name="invalidLoginTest_ValidUserPassword" time="2.476" classname="tests.LoginTests"/>
</testsuite> <!-- Default test -->
