<?xml version="1.0" encoding="UTF-8"?>
<testng-results skipped="0" failed="0" ignored="0" total="3" passed="3">
  <reporter-output>
  </reporter-output>
  <suite name="Default suite" duration-ms="55364" started-at="2018-07-17T14:29:04Z" finished-at="2018-07-17T14:30:00Z">
    <groups>
    </groups>
    <test name="Default test" duration-ms="55364" started-at="2018-07-17T14:29:04Z" finished-at="2018-07-17T14:30:00Z">
      <class name="tests.LoginTests">
        <test-method status="PASS" signature="setup()[pri:0, instance:tests.LoginTests@7cd62f43]" name="setup" is-config="true" duration-ms="39161" started-at="2018-07-17T14:29:05Z" finished-at="2018-07-17T14:29:44Z">
          <reporter-output>
          </reporter-output>
        </test-method> <!-- setup -->
        <test-method status="PASS" signature="invalidLoginTest_EmptyUserName()[pri:0, instance:tests.LoginTests@7cd62f43]" name="invalidLoginTest_EmptyUserName" duration-ms="10513" started-at="2018-07-17T14:29:44Z" description="Invalid Login Scenario with empty username" finished-at="2018-07-17T14:29:54Z">
          <reporter-output>
          </reporter-output>
        </test-method> <!-- invalidLoginTest_EmptyUserName -->
        <test-method status="PASS" signature="invalidLoginTest_InvalidUserEmptyPassword()[pri:1, instance:tests.LoginTests@7cd62f43]" name="invalidLoginTest_InvalidUserEmptyPassword" duration-ms="2113" started-at="2018-07-17T14:29:54Z" description="Invalid Login Scenario with invalid username" finished-at="2018-07-17T14:29:56Z">
          <reporter-output>
          </reporter-output>
        </test-method> <!-- invalidLoginTest_InvalidUserEmptyPassword -->
        <test-method status="PASS" signature="invalidLoginTest_ValidUserPassword()[pri:1, instance:tests.LoginTests@7cd62f43]" name="invalidLoginTest_ValidUserPassword" duration-ms="2476" started-at="2018-07-17T14:29:56Z" description="Invalid Login Scenario with Valid username" finished-at="2018-07-17T14:29:59Z">
          <reporter-output>
          </reporter-output>
        </test-method> <!-- invalidLoginTest_ValidUserPassword -->
        <test-method status="PASS" signature="teardown()[pri:0, instance:tests.LoginTests@7cd62f43]" name="teardown" is-config="true" duration-ms="830" started-at="2018-07-17T14:29:59Z" finished-at="2018-07-17T14:30:00Z">
          <reporter-output>
          </reporter-output>
        </test-method> <!-- teardown -->
      </class> <!-- tests.LoginTests -->
    </test> <!-- Default test -->
  </suite> <!-- Default suite -->
</testng-results>
