<?xml version="1.0" encoding="UTF-8"?>
<!-- Generated by org.testng.reporters.JUnitXMLReporter -->
<testsuite hostname="TRAINING0117" ignored="0" name="Test" tests="5" failures="0" timestamp="22 May 2018 11:08:07 GMT" time="0.164" errors="0">
  <testcase name="test" time="0.009" classname="com.Sample.testAnnotations"/>
  <testcase name="test2" time="0.005" classname="com.Sample.testAnnotations"/>
  <testcase name="verizon" time="0.004" classname="com.Sample.prioritizingtests"/>
  <testcase name="healthcare" time="0.002" classname="com.Sample.prioritizingtests"/>
  <testcase name="healthcareBanking" time="0.002" classname="com.Sample.prioritizingtests"/>
</testsuite> <!-- Test -->
